#
# There is insufficient memory for the Java Runtime Environment to continue.
# Native memory allocation (mmap) failed to map 132120576 bytes for Failed to commit area from 0x0000000083c00000 to 0x000000008ba00000 of length 132120576.
# Possible reasons:
#   The system is out of physical RAM or swap space
#   The process is running with CompressedOops enabled, and the Java Heap may be blocking the growth of the native heap
# Possible solutions:
#   Reduce memory load on the system
#   Increase physical memory or swap space
#   Check if swap backing store is full
#   Decrease Java heap size (-Xmx/-Xms)
#   Decrease number of Java threads
#   Decrease Java thread stack sizes (-Xss)
#   Set larger code cache with -XX:ReservedCodeCacheSize=
# This output file may be truncated or incomplete.
#
#  Out of Memory Error (./src/hotspot/os/windows/os_windows.cpp:3380), pid=6908, tid=15248
#
# JRE version:  (11.0.12+7) (build )
# Java VM: OpenJDK 64-Bit Server VM (11.0.12+7, mixed mode, sharing, tiered, compressed oops, g1 gc, windows-amd64)
# No core dump will be written. Minidumps are not enabled by default on client versions of Windows
#

---------------  S U M M A R Y ------------

Command Line: 

Host: Intel(R) Core(TM) i5-8250U CPU @ 1.60GHz, 8 cores, 7G,  Windows 10 , 64 bit Build 19041 (10.0.19041.2364)
Time: Sat Dec 24 22:45:08 2022 SE Asia Standard Time elapsed time: 0.015590 seconds (0d 0h 0m 0s)

---------------  T H R E A D  ---------------

Current thread (0x0000024e13e29800):  JavaThread "Unknown thread" [_thread_in_vm, id=15248, stack(0x00000052ae600000,0x00000052ae700000)]

Stack: [0x00000052ae600000,0x00000052ae700000]
Native frames: (J=compiled Java code, j=interpreted, Vv=VM code, C=native code)
V  [jvm.dll+0x6090fa]
V  [jvm.dll+0x79229e]
V  [jvm.dll+0x79396f]
V  [jvm.dll+0x794033]
V  [jvm.dll+0x24bed8]
V  [jvm.dll+0x60624a]
V  [jvm.dll+0x5facf5]
V  [jvm.dll+0x303b5c]
V  [jvm.dll+0x3039e2]
V  [jvm.dll+0x308706]
V  [jvm.dll+0x34d5cf]
V  [jvm.dll+0x34d000]
V  [jvm.dll+0x2e0c68]
V  [jvm.dll+0x2e1dc6]
V  [jvm.dll+0x76d627]
V  [jvm.dll+0x76edaf]
V  [jvm.dll+0x35a359]
V  [jvm.dll+0x750710]
V  [jvm.dll+0x3c1f8f]
V  [jvm.dll+0x3c4461]
C  [jli.dll+0x5207]
C  [ucrtbase.dll+0x21bb2]
C  [KERNEL32.DLL+0x17614]
C  [ntdll.dll+0x526a1]


---------------  P R O C E S S  ---------------

Threads class SMR info:
_java_thread_list=0x0000024e124d0d40, length=0, elements={
}

Java Threads: ( => current thread )

Other Threads:
  0x0000024e13e40000 GCTaskThread "GC Thread#0" [stack: 0x00000052ae700000,0x00000052ae800000] [id=20872]
  0x0000024e13e71800 ConcurrentGCThread "G1 Main Marker" [stack: 0x00000052ae800000,0x00000052ae900000] [id=7608]
  0x0000024e13e74800 ConcurrentGCThread "G1 Conc#0" [stack: 0x00000052ae900000,0x00000052aea00000] [id=4204]

[error occurred during error reporting (printing all threads), id 0xc0000005, EXCEPTION_ACCESS_VIOLATION (0xc0000005) at pc=0x00007ff8a3dd0337]

VM state:not at safepoint (not fully initialized)

VM Mutex/Monitor currently owned by a thread:  ([mutex/lock_event])
[0x0000024e13e265e0] Heap_lock - owner thread: 0x0000024e13e29800

Heap address: 0x0000000083c00000, size: 1988 MB, Compressed Oops mode: Non-zero based: 0x0000000083c00000
Narrow klass base: 0x0000000000000000, Narrow klass shift: 0

GC Heap History (0 events):
No events

Deoptimization events (0 events):
No events

Classes redefined (0 events):
No events

Internal exceptions (0 events):
No events

Events (1 events):
Event: 0.009 Loaded shared library C:\Program Files\Microsoft\jdk-11.0.12.7-hotspot\bin\zip.dll


Dynamic libraries:
0x00007ff6e6890000 - 0x00007ff6e689d000 	C:\Program Files\Microsoft\jdk-11.0.12.7-hotspot\bin\java.exe
0x00007ff8ef770000 - 0x00007ff8ef968000 	C:\WINDOWS\SYSTEM32\ntdll.dll
0x00007ff8ed8f0000 - 0x00007ff8ed9af000 	C:\WINDOWS\System32\KERNEL32.DLL
0x00007ff8ed4a0000 - 0x00007ff8ed772000 	C:\WINDOWS\System32\KERNELBASE.dll
0x00007ff8ed1e0000 - 0x00007ff8ed2e0000 	C:\WINDOWS\System32\ucrtbase.dll
0x00007ff8e4ae0000 - 0x00007ff8e4af5000 	C:\Program Files\Microsoft\jdk-11.0.12.7-hotspot\bin\VCRUNTIME140.dll
0x00007ff8da460000 - 0x00007ff8da477000 	C:\Program Files\Microsoft\jdk-11.0.12.7-hotspot\bin\jli.dll
0x00007ff8eebb0000 - 0x00007ff8eed51000 	C:\WINDOWS\System32\USER32.dll
0x00007ff8c0e70000 - 0x00007ff8c110a000 	C:\WINDOWS\WinSxS\amd64_microsoft.windows.common-controls_6595b64144ccf1df_6.0.19041.1110_none_60b5254171f9507e\COMCTL32.dll
0x00007ff8ed1b0000 - 0x00007ff8ed1d2000 	C:\WINDOWS\System32\win32u.dll
0x00007ff8ef630000 - 0x00007ff8ef6ce000 	C:\WINDOWS\System32\msvcrt.dll
0x00007ff8eed60000 - 0x00007ff8eed8b000 	C:\WINDOWS\System32\GDI32.dll
0x00007ff8ed390000 - 0x00007ff8ed49f000 	C:\WINDOWS\System32\gdi32full.dll
0x00007ff8ece60000 - 0x00007ff8ecefd000 	C:\WINDOWS\System32\msvcp_win.dll
0x00007ff8ef6d0000 - 0x00007ff8ef702000 	C:\WINDOWS\System32\IMM32.DLL
0x00007ff8b1170000 - 0x00007ff8b120b000 	C:\Program Files\Microsoft\jdk-11.0.12.7-hotspot\bin\msvcp140.dll
0x00007ff8a3ae0000 - 0x00007ff8a4641000 	C:\Program Files\Microsoft\jdk-11.0.12.7-hotspot\bin\server\jvm.dll
0x00007ff8eef80000 - 0x00007ff8ef02e000 	C:\WINDOWS\System32\ADVAPI32.dll
0x00007ff8ee440000 - 0x00007ff8ee4dc000 	C:\WINDOWS\System32\sechost.dll
0x00007ff8edbb0000 - 0x00007ff8edcd5000 	C:\WINDOWS\System32\RPCRT4.dll
0x00007ff8eda70000 - 0x00007ff8eda78000 	C:\WINDOWS\System32\PSAPI.DLL
0x00007ff8e5aa0000 - 0x00007ff8e5ac7000 	C:\WINDOWS\SYSTEM32\WINMM.dll
0x00007ff8d7c50000 - 0x00007ff8d7c59000 	C:\WINDOWS\SYSTEM32\WSOCK32.dll
0x00007ff8de3a0000 - 0x00007ff8de3aa000 	C:\WINDOWS\SYSTEM32\VERSION.dll
0x00007ff8ee4e0000 - 0x00007ff8ee54b000 	C:\WINDOWS\System32\WS2_32.dll
0x00007ff8ead20000 - 0x00007ff8ead32000 	C:\WINDOWS\SYSTEM32\kernel.appcore.dll
0x00007ff8e6fa0000 - 0x00007ff8e6fb0000 	C:\Program Files\Microsoft\jdk-11.0.12.7-hotspot\bin\verify.dll
0x00007ff8d7e60000 - 0x00007ff8d8044000 	C:\WINDOWS\SYSTEM32\DBGHELP.DLL
0x00007ff8d7b10000 - 0x00007ff8d7b45000 	C:\WINDOWS\SYSTEM32\dbgcore.DLL
0x00007ff8ed120000 - 0x00007ff8ed1a2000 	C:\WINDOWS\System32\bcryptPrimitives.dll
0x00007ff8b6660000 - 0x00007ff8b6688000 	C:\Program Files\Microsoft\jdk-11.0.12.7-hotspot\bin\java.dll
0x00007ff8e4ad0000 - 0x00007ff8e4ada000 	C:\Program Files\Microsoft\jdk-11.0.12.7-hotspot\bin\jimage.dll
0x00007ff8da440000 - 0x00007ff8da457000 	C:\Program Files\Microsoft\jdk-11.0.12.7-hotspot\bin\zip.dll

dbghelp: loaded successfully - version: 4.0.5 - missing functions: none
symbol engine: initialized successfully - sym options: 0x614 - pdb path: .;C:\Program Files\Microsoft\jdk-11.0.12.7-hotspot\bin;C:\WINDOWS\SYSTEM32;C:\WINDOWS\WinSxS\amd64_microsoft.windows.common-controls_6595b64144ccf1df_6.0.19041.1110_none_60b5254171f9507e;C:\Program Files\Microsoft\jdk-11.0.12.7-hotspot\bin\server

VM Arguments:
java_command: <unknown>
java_class_path (initial): <not set>
Launcher Type: SUN_STANDARD

[Global flags]
     intx CICompilerCount                          = 4                                         {product} {ergonomic}
     uint ConcGCThreads                            = 2                                         {product} {ergonomic}
     uint G1ConcRefinementThreads                  = 8                                         {product} {ergonomic}
   size_t G1HeapRegionSize                         = 1048576                                   {product} {ergonomic}
    uintx GCDrainStackTargetSize                   = 64                                        {product} {ergonomic}
   size_t InitialHeapSize                          = 132120576                                 {product} {ergonomic}
   size_t MarkStackSize                            = 4194304                                   {product} {ergonomic}
   size_t MaxHeapSize                              = 2084569088                                {product} {ergonomic}
   size_t MinHeapDeltaBytes                        = 1048576                                   {product} {ergonomic}
    uintx NonNMethodCodeHeapSize                   = 5836300                                {pd product} {ergonomic}
    uintx NonProfiledCodeHeapSize                  = 122910970                              {pd product} {ergonomic}
    uintx ProfiledCodeHeapSize                     = 122910970                              {pd product} {ergonomic}
    uintx ReservedCodeCacheSize                    = 251658240                              {pd product} {ergonomic}
     bool SegmentedCodeCache                       = true                                      {product} {ergonomic}
     bool UseCompressedClassPointers               = true                                 {lp64_product} {ergonomic}
     bool UseCompressedOops                        = true                                 {lp64_product} {ergonomic}
     bool UseG1GC                                  = true                                      {product} {ergonomic}
     bool UseLargePagesIndividualAllocation        = false                                  {pd product} {ergonomic}

Logging:
Log output configuration:
 #0: stdout all=warning uptime,level,tags
 #1: stderr all=off uptime,level,tags

Environment Variables:
PATH=C:\Program Files\Microsoft\jdk-11.0.12.7-hotspot\bin;C:\app\oracle\product\19c\db_home1\bin;C:\WINDOWS\system32;C:\WINDOWS;C:\WINDOWS\System32\Wbem;C:\WINDOWS\System32\WindowsPowerShell\v1.0\;C:\WINDOWS\System32\OpenSSH\;C:\Program Files\Java\jdk-11\bin;C:\Program Files\Microsoft SQL Server\150\Tools\Binn\;C:\Program Files\Microsoft SQL Server\Client SDK\ODBC\170\Tools\Binn\;C:\Program Files\dotnet\;C:\Program Files\Git\cmd;C:\Users\lequo\AppData\Local\Microsoft\WindowsApps;C:\Users\lequo\.dotnet\tools;F:\Program Files\JetBrains\IntelliJ IDEA Community Edition 2022.2.3\bin;
USERNAME=lequo
OS=Windows_NT
PROCESSOR_IDENTIFIER=Intel64 Family 6 Model 142 Stepping 10, GenuineIntel



---------------  S Y S T E M  ---------------

OS: Windows 10 , 64 bit Build 19041 (10.0.19041.2364)
OS uptime: 1 days 10:55 hours

CPU:total 8 (initial active 8) (4 cores per cpu, 2 threads per core) family 6 model 142 stepping 10 microcode 0xb4, cmov, cx8, fxsr, mmx, sse, sse2, sse3, ssse3, sse4.1, sse4.2, popcnt, avx, avx2, aes, clmul, erms, 3dnowpref, lzcnt, ht, tsc, tscinvbit, bmi1, bmi2, adx, fma

Memory: 4k page, system-wide physical 7950M (269M free)
TotalPageFile size 21623M (AvailPageFile size 121M)
current process WorkingSet (physical memory assigned to process): 9M, peak: 10M
current process commit charge ("private bytes"): 60M, peak: 186M

vm_info: OpenJDK 64-Bit Server VM (11.0.12+7) for windows-amd64 JRE (11.0.12+7), built on Jul 21 2021 15:41:43 by "" with unknown MS VC++:1916

END.
