#
# There is insufficient memory for the Java Runtime Environment to continue.
# Native memory allocation (malloc) failed to allocate 1048576 bytes for AllocateHeap
# Possible reasons:
#   The system is out of physical RAM or swap space
#   The process is running with CompressedOops enabled, and the Java Heap may be blocking the growth of the native heap
# Possible solutions:
#   Reduce memory load on the system
#   Increase physical memory or swap space
#   Check if swap backing store is full
#   Decrease Java heap size (-Xmx/-Xms)
#   Decrease number of Java threads
#   Decrease Java thread stack sizes (-Xss)
#   Set larger code cache with -XX:ReservedCodeCacheSize=
#   JVM is running with Unscaled Compressed Oops mode in which the Java heap is
#     placed in the first 4GB address space. The Java Heap base address is the
#     maximum limit for the native heap growth. Please use -XX:HeapBaseMinAddress
#     to set the Java Heap base and to place the Java Heap above 4GB virtual address.
# This output file may be truncated or incomplete.
#
#  Out of Memory Error (./src/hotspot/share/memory/allocation.cpp:46), pid=23948, tid=9092
#
# JRE version:  (11.0.12+7) (build )
# Java VM: OpenJDK 64-Bit Server VM (11.0.12+7, mixed mode, sharing, tiered, compressed oops, g1 gc, windows-amd64)
# No core dump will be written. Minidumps are not enabled by default on client versions of Windows
#

---------------  S U M M A R Y ------------

Command Line: 

Host: Intel(R) Core(TM) i5-8250U CPU @ 1.60GHz, 8 cores, 7G,  Windows 10 , 64 bit Build 19041 (10.0.19041.2364)
Time: Sat Dec 24 22:46:15 2022 SE Asia Standard Time elapsed time: 0.051042 seconds (0d 0h 0m 0s)

---------------  T H R E A D  ---------------

Current thread (0x0000016010aeb000):  JavaThread "Unknown thread" [_thread_in_vm, id=9092, stack(0x0000005614000000,0x0000005614100000)]

Stack: [0x0000005614000000,0x0000005614100000]
Native frames: (J=compiled Java code, j=interpreted, Vv=VM code, C=native code)
V  [jvm.dll+0x6090fa]
V  [jvm.dll+0x79229e]
V  [jvm.dll+0x79396f]
V  [jvm.dll+0x794033]
V  [jvm.dll+0x24bed8]
V  [jvm.dll+0xb91a4]
V  [jvm.dll+0x2dcb08]
V  [jvm.dll+0x76d617]
V  [jvm.dll+0x76edaf]
V  [jvm.dll+0x35a359]
V  [jvm.dll+0x750710]
V  [jvm.dll+0x3c1f8f]
V  [jvm.dll+0x3c4461]
C  [jli.dll+0x5207]
C  [ucrtbase.dll+0x21bb2]
C  [KERNEL32.DLL+0x17614]
C  [ntdll.dll+0x526a1]


---------------  P R O C E S S  ---------------

Threads class SMR info:
_java_thread_list=0x000001601087f510, length=0, elements={
}

Java Threads: ( => current thread )

Other Threads:

=>0x0000016010aeb000 (exited) JavaThread "Unknown thread" [_thread_in_vm, id=9092, stack(0x0000005614000000,0x0000005614100000)]

Threads with active compile tasks:

VM state:not at safepoint (not fully initialized)

VM Mutex/Monitor currently owned by a thread: None


[error occurred during error reporting (printing compressed oops mode), id 0xc0000005, EXCEPTION_ACCESS_VIOLATION (0xc0000005) at pc=0x00007ff89962e3f7]

GC Heap History (0 events):
No events

Deoptimization events (0 events):
No events

Classes redefined (0 events):
No events

Internal exceptions (0 events):
No events

Events (1 events):
Event: 0.031 Loaded shared library C:\Program Files\Microsoft\jdk-11.0.12.7-hotspot\bin\zip.dll


Dynamic libraries:
0x00007ff7a8ae0000 - 0x00007ff7a8aed000 	C:\Program Files\Microsoft\jdk-11.0.12.7-hotspot\bin\java.exe
0x00007ff8ef770000 - 0x00007ff8ef968000 	C:\WINDOWS\SYSTEM32\ntdll.dll
0x00007ff8ed8f0000 - 0x00007ff8ed9af000 	C:\WINDOWS\System32\KERNEL32.DLL
0x00007ff8ed4a0000 - 0x00007ff8ed772000 	C:\WINDOWS\System32\KERNELBASE.dll
0x00007ff8ed1e0000 - 0x00007ff8ed2e0000 	C:\WINDOWS\System32\ucrtbase.dll
0x00007ff8c2260000 - 0x00007ff8c2277000 	C:\Program Files\Microsoft\jdk-11.0.12.7-hotspot\bin\jli.dll
0x00007ff8c12b0000 - 0x00007ff8c12c5000 	C:\Program Files\Microsoft\jdk-11.0.12.7-hotspot\bin\VCRUNTIME140.dll
0x00007ff8eebb0000 - 0x00007ff8eed51000 	C:\WINDOWS\System32\USER32.dll
0x00007ff8ed1b0000 - 0x00007ff8ed1d2000 	C:\WINDOWS\System32\win32u.dll
0x00007ff8c0e70000 - 0x00007ff8c110a000 	C:\WINDOWS\WinSxS\amd64_microsoft.windows.common-controls_6595b64144ccf1df_6.0.19041.1110_none_60b5254171f9507e\COMCTL32.dll
0x00007ff8ef630000 - 0x00007ff8ef6ce000 	C:\WINDOWS\System32\msvcrt.dll
0x00007ff8eed60000 - 0x00007ff8eed8b000 	C:\WINDOWS\System32\GDI32.dll
0x00007ff8ed390000 - 0x00007ff8ed49f000 	C:\WINDOWS\System32\gdi32full.dll
0x00007ff8ece60000 - 0x00007ff8ecefd000 	C:\WINDOWS\System32\msvcp_win.dll
0x00007ff8ef6d0000 - 0x00007ff8ef702000 	C:\WINDOWS\System32\IMM32.DLL
0x00007ff8b1030000 - 0x00007ff8b10cb000 	C:\Program Files\Microsoft\jdk-11.0.12.7-hotspot\bin\msvcp140.dll
0x00007ff898ec0000 - 0x00007ff899a21000 	C:\Program Files\Microsoft\jdk-11.0.12.7-hotspot\bin\server\jvm.dll
0x00007ff8eef80000 - 0x00007ff8ef02e000 	C:\WINDOWS\System32\ADVAPI32.dll
0x00007ff8ee440000 - 0x00007ff8ee4dc000 	C:\WINDOWS\System32\sechost.dll
0x00007ff8edbb0000 - 0x00007ff8edcd5000 	C:\WINDOWS\System32\RPCRT4.dll
0x00007ff8eda70000 - 0x00007ff8eda78000 	C:\WINDOWS\System32\PSAPI.DLL
0x00007ff8d7c50000 - 0x00007ff8d7c59000 	C:\WINDOWS\SYSTEM32\WSOCK32.dll
0x00007ff8de3a0000 - 0x00007ff8de3aa000 	C:\WINDOWS\SYSTEM32\VERSION.dll
0x00007ff8e5aa0000 - 0x00007ff8e5ac7000 	C:\WINDOWS\SYSTEM32\WINMM.dll
0x00007ff8ee4e0000 - 0x00007ff8ee54b000 	C:\WINDOWS\System32\ws2_32.DLL
0x00007ff8ead20000 - 0x00007ff8ead32000 	C:\WINDOWS\SYSTEM32\kernel.appcore.dll
0x00007ff8e6fa0000 - 0x00007ff8e6fb0000 	C:\Program Files\Microsoft\jdk-11.0.12.7-hotspot\bin\verify.dll
0x00007ff8d7e60000 - 0x00007ff8d8044000 	C:\WINDOWS\SYSTEM32\DBGHELP.DLL
0x00007ff8d7b10000 - 0x00007ff8d7b45000 	C:\WINDOWS\SYSTEM32\dbgcore.DLL
0x00007ff8ed120000 - 0x00007ff8ed1a2000 	C:\WINDOWS\System32\bcryptPrimitives.dll
0x00007ff8b6660000 - 0x00007ff8b6688000 	C:\Program Files\Microsoft\jdk-11.0.12.7-hotspot\bin\java.dll
0x00007ff8d8f90000 - 0x00007ff8d8f9a000 	C:\Program Files\Microsoft\jdk-11.0.12.7-hotspot\bin\jimage.dll
0x00007ff8c0c80000 - 0x00007ff8c0c97000 	C:\Program Files\Microsoft\jdk-11.0.12.7-hotspot\bin\zip.dll

dbghelp: loaded successfully - version: 4.0.5 - missing functions: none
symbol engine: initialized successfully - sym options: 0x614 - pdb path: .;C:\Program Files\Microsoft\jdk-11.0.12.7-hotspot\bin;C:\WINDOWS\SYSTEM32;C:\WINDOWS\WinSxS\amd64_microsoft.windows.common-controls_6595b64144ccf1df_6.0.19041.1110_none_60b5254171f9507e;C:\Program Files\Microsoft\jdk-11.0.12.7-hotspot\bin\server

VM Arguments:
java_command: <unknown>
java_class_path (initial): <not set>
Launcher Type: SUN_STANDARD

[Global flags]
     intx CICompilerCount                          = 4                                         {product} {ergonomic}
     uint G1ConcRefinementThreads                  = 8                                         {product} {ergonomic}
   size_t G1HeapRegionSize                         = 1048576                                   {product} {ergonomic}
    uintx GCDrainStackTargetSize                   = 64                                        {product} {ergonomic}
   size_t InitialHeapSize                          = 132120576                                 {product} {ergonomic}
   size_t MaxHeapSize                              = 2084569088                                {product} {ergonomic}
   size_t MinHeapDeltaBytes                        = 1048576                                   {product} {ergonomic}
    uintx NonNMethodCodeHeapSize                   = 5836300                                {pd product} {ergonomic}
    uintx NonProfiledCodeHeapSize                  = 122910970                              {pd product} {ergonomic}
    uintx ProfiledCodeHeapSize                     = 122910970                              {pd product} {ergonomic}
    uintx ReservedCodeCacheSize                    = 251658240                              {pd product} {ergonomic}
     bool SegmentedCodeCache                       = true                                      {product} {ergonomic}
     bool UseCompressedClassPointers               = true                                 {lp64_product} {ergonomic}
     bool UseCompressedOops                        = true                                 {lp64_product} {ergonomic}
     bool UseG1GC                                  = true                                      {product} {ergonomic}
     bool UseLargePagesIndividualAllocation        = false                                  {pd product} {ergonomic}

Logging:
Log output configuration:
 #0: stdout all=warning uptime,level,tags
 #1: stderr all=off uptime,level,tags

Environment Variables:
PATH=C:\Program Files\Microsoft\jdk-11.0.12.7-hotspot\bin;C:\app\oracle\product\19c\db_home1\bin;C:\WINDOWS\system32;C:\WINDOWS;C:\WINDOWS\System32\Wbem;C:\WINDOWS\System32\WindowsPowerShell\v1.0\;C:\WINDOWS\System32\OpenSSH\;C:\Program Files\Java\jdk-11\bin;C:\Program Files\Microsoft SQL Server\150\Tools\Binn\;C:\Program Files\Microsoft SQL Server\Client SDK\ODBC\170\Tools\Binn\;C:\Program Files\dotnet\;C:\Program Files\Git\cmd;C:\Users\lequo\AppData\Local\Microsoft\WindowsApps;C:\Users\lequo\.dotnet\tools;F:\Program Files\JetBrains\IntelliJ IDEA Community Edition 2022.2.3\bin;
USERNAME=lequo
OS=Windows_NT
PROCESSOR_IDENTIFIER=Intel64 Family 6 Model 142 Stepping 10, GenuineIntel



---------------  S Y S T E M  ---------------

OS: Windows 10 , 64 bit Build 19041 (10.0.19041.2364)
OS uptime: 1 days 10:56 hours

CPU:total 8 (initial active 8) (4 cores per cpu, 2 threads per core) family 6 model 142 stepping 10 microcode 0xb4, cmov, cx8, fxsr, mmx, sse, sse2, sse3, ssse3, sse4.1, sse4.2, popcnt, avx, avx2, aes, clmul, erms, 3dnowpref, lzcnt, ht, tsc, tscinvbit, bmi1, bmi2, adx, fma

Memory: 4k page, system-wide physical 7950M (408M free)
TotalPageFile size 21627M (AvailPageFile size 5M)
current process WorkingSet (physical memory assigned to process): 9M, peak: 9M
current process commit charge ("private bytes"): 11M, peak: 11M

vm_info: OpenJDK 64-Bit Server VM (11.0.12+7) for windows-amd64 JRE (11.0.12+7), built on Jul 21 2021 15:41:43 by "" with unknown MS VC++:1916

END.
